\BOOKMARK [0][]{chapter.1}{Introdu\347\343o}{}% 1
\BOOKMARK [1][]{section.1.1}{Motiva\347\343o e Proposta}{chapter.1}% 2
\BOOKMARK [1][]{section.1.2}{Ferramentas}{chapter.1}% 3
\BOOKMARK [2][]{subsection.1.2.1}{Asteroids - Atari2600}{section.1.2}% 4
\BOOKMARK [2][]{subsection.1.2.2}{Gym-Retro}{section.1.2}% 5
\BOOKMARK [2][]{subsection.1.2.3}{TensorFlow}{section.1.2}% 6
\BOOKMARK [1][]{section.1.3}{Proposta}{chapter.1}% 7
\BOOKMARK [0][]{chapter.2}{Fundamentos}{}% 8
\BOOKMARK [1][]{section.2.1}{Redes neurais}{chapter.2}% 9
\BOOKMARK [1][]{section.2.2}{Aprendizado profundo}{chapter.2}% 10
\BOOKMARK [1][]{section.2.3}{Rede neural convolucional}{chapter.2}% 11
\BOOKMARK [1][]{section.2.4}{Processo de Decis\343o de Markov}{chapter.2}% 12
\BOOKMARK [1][]{section.2.5}{Aprendizado por refor\347o}{chapter.2}% 13
\BOOKMARK [1][]{section.2.6}{Q-learning}{chapter.2}% 14
\BOOKMARK [1][]{section.2.7}{Approximate Q-learning}{chapter.2}% 15
\BOOKMARK [1][]{section.2.8}{Deep Q-Learning}{chapter.2}% 16
\BOOKMARK [1][]{section.2.9}{Aprimorando o aprendizado}{chapter.2}% 17
\BOOKMARK [2][]{subsection.2.9.1}{Experience Replay}{section.2.9}% 18
\BOOKMARK [2][]{subsection.2.9.2}{Alvo fixo}{section.2.9}% 19
\BOOKMARK [0][]{chapter.3}{Implementa\347\343o}{}% 20
\BOOKMARK [1][]{section.3.1}{Arquitetura}{chapter.3}% 21
\BOOKMARK [1][]{section.3.2}{Experimentos}{chapter.3}% 22
\BOOKMARK [0][]{chapter.4}{Resultados}{}% 23
\BOOKMARK [0][]{chapter.5}{Conclus\365es - Parte Subjetiva}{}% 24
\BOOKMARK [0][]{appendix*.9}{Refer\352ncias Bibliogr\341ficas}{}% 25
